<?xml version="1.0" encoding="UTF-8"?>
<!-- Generated by org.testng.reporters.JUnitReportReporter -->
<testsuite skipped="0" hostname="DESKTOP-9C5438O" name="parameters.PathParametersUsingDELETETest" tests="1" failures="0" timestamp="2022-02-11T12:49:20 IST" time="4.260" errors="0">
  <testcase name="pathParametersUsingDELETETest" time="4.260" classname="parameters.PathParametersUsingDELETETest"/>
  <system-out/>
</testsuite> <!-- parameters.PathParametersUsingDELETETest -->
