<?xml version="1.0" encoding="UTF-8"?>
<!-- Generated by org.testng.reporters.JUnitReportReporter -->
<testsuite skipped="0" hostname="DESKTOP-9C5438O" name="assignment.CreateUserWithInvalidEmailId" tests="1" failures="0" timestamp="2022-02-11T20:59:57 IST" time="3.828" errors="0">
  <testcase name="createUserTest" time="3.828" classname="assignment.CreateUserWithInvalidEmailId"/>
  <system-out/>
</testsuite> <!-- assignment.CreateUserWithInvalidEmailId -->
