<?xml version="1.0" encoding="UTF-8"?>
<!-- Generated by org.testng.reporters.JUnitReportReporter -->
<testsuite skipped="0" hostname="DESKTOP-9C5438O" name="waysToPostRequest.CreateResourceUsingJSONObjectTest" tests="1" failures="0" timestamp="2022-02-10T17:19:25 IST" time="3.878" errors="0">
  <testcase name="createResource" time="3.878" classname="waysToPostRequest.CreateResourceUsingJSONObjectTest"/>
  <system-out/>
</testsuite> <!-- waysToPostRequest.CreateResourceUsingJSONObjectTest -->
