<?xml version="1.0" encoding="UTF-8"?>
<!-- Generated by org.testng.reporters.JUnitReportReporter -->
<testsuite skipped="0" hostname="DESKTOP-9C5438O" name="authentication.BearerToken" tests="1" failures="0" timestamp="2022-02-11T17:22:36 IST" time="4.117" errors="0">
  <testcase name="bearerToken" time="4.117" classname="authentication.BearerToken"/>
  <system-out/>
</testsuite> <!-- authentication.BearerToken -->
