<?xml version="1.0" encoding="UTF-8"?>
<!-- Generated by org.testng.reporters.JUnitReportReporter -->
<testsuite skipped="0" hostname="DESKTOP-9C5438O" name="parameters.QueryAndPathParameterTest" tests="1" failures="0" timestamp="2022-02-11T13:12:09 IST" time="7.475" errors="0">
  <testcase name="queryAndPathParameterTest" time="7.475" classname="parameters.QueryAndPathParameterTest"/>
  <system-out/>
</testsuite> <!-- parameters.QueryAndPathParameterTest -->
