<?xml version="1.0" encoding="UTF-8"?>
<!-- Generated by org.testng.reporters.JUnitReportReporter -->
<testsuite skipped="0" hostname="DESKTOP-9C5438O" name="practiceCRUDWithOutBDD.GetAllProjects" tests="1" failures="0" timestamp="2022-02-09T21:21:26 IST" time="2.918" errors="0">
  <testcase name="getAllProjects" time="2.918" classname="practiceCRUDWithOutBDD.GetAllProjects"/>
  <system-out/>
</testsuite> <!-- practiceCRUDWithOutBDD.GetAllProjects -->
