<?xml version="1.0" encoding="UTF-8"?>
<!-- Generated by org.testng.reporters.JUnitReportReporter -->
<testsuite skipped="0" hostname="DESKTOP-9C5438O" name="waysToPostRequest.CreateResourceUsingHashMapTest" tests="1" failures="0" timestamp="2022-02-10T17:42:54 IST" time="3.521" errors="0">
  <testcase name="createResourceUsingHashMapTest" time="3.521" classname="waysToPostRequest.CreateResourceUsingHashMapTest"/>
  <system-out/>
</testsuite> <!-- waysToPostRequest.CreateResourceUsingHashMapTest -->
