<?xml version="1.0" encoding="UTF-8"?>
<!-- Generated by org.testng.reporters.JUnitReportReporter -->
<testsuite skipped="0" hostname="DESKTOP-9C5438O" name="practiceCRUDWithBDD.GetAllProjects" tests="1" failures="0" timestamp="2022-02-10T12:17:37 IST" time="3.029" errors="0">
  <testcase name="getProjects" time="3.029" classname="practiceCRUDWithBDD.GetAllProjects"/>
  <system-out/>
</testsuite> <!-- practiceCRUDWithBDD.GetAllProjects -->
