<?xml version="1.0" encoding="UTF-8"?>
<!-- Generated by org.testng.reporters.JUnitReportReporter -->
<testsuite skipped="0" hostname="DESKTOP-9C5438O" name="waysToPostRequest.CreateResourceUsingPojo" tests="1" failures="0" timestamp="2022-02-10T17:25:51 IST" time="3.555" errors="0">
  <testcase name="createResourceUsingPojo" time="3.555" classname="waysToPostRequest.CreateResourceUsingPojo"/>
  <system-out/>
</testsuite> <!-- waysToPostRequest.CreateResourceUsingPojo -->
