<?xml version="1.0" encoding="UTF-8"?>
<!-- Generated by org.testng.reporters.JUnitReportReporter -->
<testsuite skipped="0" hostname="DESKTOP-9C5438O" name="authentication.PreemptiveAuthentications" tests="1" failures="0" timestamp="2022-02-11T17:26:52 IST" time="3.398" errors="0">
  <testcase name="preemptiveAuthentications" time="3.398" classname="authentication.PreemptiveAuthentications"/>
  <system-out/>
</testsuite> <!-- authentication.PreemptiveAuthentications -->
