<?xml version="1.0" encoding="UTF-8"?>
<!-- Generated by org.testng.reporters.JUnitReportReporter -->
<testsuite skipped="0" hostname="DESKTOP-9C5438O" name="waysToPostRequest.CreateResourceUsingJSONFile" tests="1" failures="0" timestamp="2022-02-10T17:34:44 IST" time="3.067" errors="0">
  <testcase name="createResourceUsingJSONFile" time="3.067" classname="waysToPostRequest.CreateResourceUsingJSONFile"/>
  <system-out/>
</testsuite> <!-- waysToPostRequest.CreateResourceUsingJSONFile -->
