<?xml version="1.0" encoding="UTF-8"?>
<!-- Generated by org.testng.reporters.JUnitReportReporter -->
<testsuite skipped="0" hostname="DESKTOP-9C5438O" name="practiceCRUDWithBDD.CreateProjectTest" tests="1" failures="0" timestamp="2022-02-12T10:53:48 IST" time="19.246" errors="0">
  <testcase name="createProject" time="19.246" classname="practiceCRUDWithBDD.CreateProjectTest"/>
  <system-out/>
</testsuite> <!-- practiceCRUDWithBDD.CreateProjectTest -->
