<?xml version="1.0" encoding="UTF-8"?>
<!-- Generated by org.testng.reporters.JUnitReportReporter -->
<testsuite skipped="0" hostname="DESKTOP-9C5438O" name="requestChaining.RequestChaining" tests="1" failures="0" timestamp="2022-02-11T14:22:12 IST" time="4.497" errors="0">
  <testcase name="requestChaining" time="4.497" classname="requestChaining.RequestChaining"/>
  <system-out/>
</testsuite> <!-- requestChaining.RequestChaining -->
