<?xml version="1.0" encoding="UTF-8"?>
<!-- Generated by org.testng.reporters.JUnitReportReporter -->
<testsuite skipped="0" hostname="DESKTOP-9C5438O" name="practiceCRUDWithOutBDD.CreateProject" tests="1" failures="0" timestamp="2022-02-10T10:58:08 IST" time="9.849" errors="0">
  <testcase name="createProject" time="9.849" classname="practiceCRUDWithOutBDD.CreateProject"/>
  <system-out/>
</testsuite> <!-- practiceCRUDWithOutBDD.CreateProject -->
