<?xml version="1.0" encoding="UTF-8"?>
<!-- Generated by org.testng.reporters.JUnitReportReporter -->
<testsuite skipped="0" hostname="DESKTOP-9C5438O" name="authentication.DigestiveAuthentication" tests="1" failures="0" timestamp="2022-02-11T17:29:27 IST" time="3.939" errors="0">
  <testcase name="digestiveAuthentication" time="3.939" classname="authentication.DigestiveAuthentication"/>
  <system-out/>
</testsuite> <!-- authentication.DigestiveAuthentication -->
