<?xml version="1.0" encoding="UTF-8"?>
<!-- Generated by org.testng.reporters.JUnitReportReporter -->
<testsuite skipped="0" hostname="DESKTOP-9C5438O" name="authentication.OAuth2" tests="1" failures="0" timestamp="2022-02-11T17:49:26 IST" time="6.024" errors="0">
  <testcase name="oAuth2" time="6.024" classname="authentication.OAuth2"/>
  <system-out/>
</testsuite> <!-- authentication.OAuth2 -->
