<?xml version="1.0" encoding="UTF-8"?>
<!-- Generated by org.testng.reporters.JUnitReportReporter -->
<testsuite skipped="0" hostname="DESKTOP-9C5438O" name="responseVerification.StaticResponseValidation" tests="1" failures="0" timestamp="2022-02-10T18:12:36 IST" time="4.210" errors="0">
  <testcase name="verify" time="4.210" classname="responseVerification.StaticResponseValidation"/>
  <system-out/>
</testsuite> <!-- responseVerification.StaticResponseValidation -->
