<?xml version="1.0" encoding="UTF-8"?>
<!-- Generated by org.testng.reporters.JUnitReportReporter -->
<testsuite skipped="0" hostname="DESKTOP-9C5438O" name="parameters.PathParametersTest" tests="1" failures="0" timestamp="2022-02-11T12:37:06 IST" time="2.959" errors="0">
  <testcase name="pathParametersTest" time="2.959" classname="parameters.PathParametersTest"/>
  <system-out/>
</testsuite> <!-- parameters.PathParametersTest -->
