<?xml version="1.0" encoding="UTF-8"?>
<!-- Generated by org.testng.reporters.JUnitReportReporter -->
<testsuite skipped="0" hostname="DESKTOP-9C5438O" name="practiceCRUDWithOutBDD.UpdateProject" tests="1" failures="0" timestamp="2022-02-09T21:14:15 IST" time="3.637" errors="0">
  <testcase name="updateProject" time="3.637" classname="practiceCRUDWithOutBDD.UpdateProject"/>
  <system-out/>
</testsuite> <!-- practiceCRUDWithOutBDD.UpdateProject -->
