<?xml version="1.0" encoding="UTF-8"?>
<!-- Generated by org.testng.reporters.JUnitReportReporter -->
<testsuite skipped="0" hostname="DESKTOP-9C5438O" name="parameters.QueryParameterTest" tests="1" failures="0" timestamp="2022-02-11T12:55:27 IST" time="4.314" errors="0">
  <testcase name="queryParameterTest" time="4.314" classname="parameters.QueryParameterTest"/>
  <system-out/>
</testsuite> <!-- parameters.QueryParameterTest -->
