<?xml version="1.0" encoding="UTF-8"?>
<!-- Generated by org.testng.reporters.JUnitReportReporter -->
<testsuite skipped="0" hostname="DESKTOP-9C5438O" name="assignment.GetAllProjects" tests="1" failures="0" timestamp="2022-02-11T21:50:48 IST" time="3.633" errors="0">
  <testcase name="getAllProjects" time="3.633" classname="assignment.GetAllProjects"/>
  <system-out/>
</testsuite> <!-- assignment.GetAllProjects -->
