<?xml version="1.0" encoding="UTF-8"?>
<!-- Generated by org.testng.reporters.JUnitReportReporter -->
<testsuite skipped="0" hostname="DESKTOP-9C5438O" name="responseVerification.DynamicResponseValidationTest" tests="1" failures="0" timestamp="2022-02-11T14:49:57 IST" time="4.160" errors="0">
  <testcase name="verify" time="4.160" classname="responseVerification.DynamicResponseValidationTest"/>
  <system-out/>
</testsuite> <!-- responseVerification.DynamicResponseValidationTest -->
