<?xml version="1.0" encoding="UTF-8"?>
<!-- Generated by org.testng.reporters.JUnitReportReporter -->
<testsuite skipped="0" hostname="DESKTOP-9C5438O" name="practiceCRUDWithBDD.UpdateProject" tests="1" failures="0" timestamp="2022-02-10T12:23:39 IST" time="3.832" errors="0">
  <testcase name="updateProject" time="3.832" classname="practiceCRUDWithBDD.UpdateProject"/>
  <system-out/>
</testsuite> <!-- practiceCRUDWithBDD.UpdateProject -->
