<?xml version="1.0" encoding="UTF-8"?>
<!-- Generated by org.testng.reporters.JUnitReportReporter -->
<testsuite skipped="0" hostname="DESKTOP-9C5438O" name="practiceCRUDWithBDD.CreateProject" tests="1" failures="0" timestamp="2022-02-10T12:22:23 IST" time="3.373" errors="0">
  <testcase name="createProject" time="3.373" classname="practiceCRUDWithBDD.CreateProject"/>
  <system-out/>
</testsuite> <!-- practiceCRUDWithBDD.CreateProject -->
