<?xml version="1.0" encoding="UTF-8"?>
<!-- Generated by org.testng.reporters.JUnitReportReporter -->
<testsuite skipped="0" hostname="DESKTOP-9C5438O" name="requestChaining.PostAndDeleteRequestingChaining" tests="1" failures="0" timestamp="2022-02-11T17:10:54 IST" time="5.067" errors="0">
  <testcase name="postAndDeleteRequestingChaining" time="5.067" classname="requestChaining.PostAndDeleteRequestingChaining"/>
  <system-out/>
</testsuite> <!-- requestChaining.PostAndDeleteRequestingChaining -->
