<?xml version="1.0" encoding="UTF-8"?>
<!-- Generated by org.testng.reporters.JUnitReportReporter -->
<testsuite skipped="0" hostname="DESKTOP-9C5438O" name="assignment.CreateUserWithInvalidMobileNumTest" tests="1" failures="0" timestamp="2022-02-11T18:17:19 IST" time="3.651" errors="0">
  <testcase name="createUserTest" time="3.651" classname="assignment.CreateUserWithInvalidMobileNumTest"/>
  <system-out/>
</testsuite> <!-- assignment.CreateUserWithInvalidMobileNumTest -->
