<?xml version="1.0" encoding="UTF-8"?>
<!-- Generated by org.testng.reporters.JUnitReportReporter -->
<testsuite skipped="0" hostname="DESKTOP-9C5438O" name="assignment.CreateUserWithMobileNum0" tests="1" failures="0" timestamp="2022-02-11T18:19:09 IST" time="3.742" errors="0">
  <testcase name="createUserTest" time="3.742" classname="assignment.CreateUserWithMobileNum0"/>
  <system-out/>
</testsuite> <!-- assignment.CreateUserWithMobileNum0 -->
