<?xml version="1.0" encoding="UTF-8"?>
<!-- Generated by org.testng.reporters.JUnitReportReporter -->
<testsuite skipped="0" hostname="DESKTOP-9C5438O" name="practiceCRUDWithOutBDD.GetSingleProject" tests="1" failures="0" timestamp="2022-02-09T21:17:36 IST" time="3.023" errors="0">
  <testcase name="getSingleProject" time="3.023" classname="practiceCRUDWithOutBDD.GetSingleProject"/>
  <system-out/>
</testsuite> <!-- practiceCRUDWithOutBDD.GetSingleProject -->
