<?xml version="1.0" encoding="UTF-8"?>
<!-- Generated by org.testng.reporters.JUnitReportReporter -->
<testsuite skipped="0" hostname="DESKTOP-9C5438O" name="assignment.CreateUserTest" tests="1" failures="0" timestamp="2022-02-11T18:15:37 IST" time="4.530" errors="0">
  <testcase name="createUserTest" time="4.530" classname="assignment.CreateUserTest"/>
  <system-out/>
</testsuite> <!-- assignment.CreateUserTest -->
